<?xml version="1.0" encoding="UTF-8" standalone="no"?>
<!DOCTYPE log SYSTEM "logger.dtd">
<log>
<record>
  <date>2023-09-13T08:56:09.273-0300</date>
  <logger>KEVIN NICOLAS DA SILVA SANTOS</logger>
  <level>FINE</level>
  <message>File 122210821-KEVIN NICOLAS DA SILVA SANTOS.zip was received. It was sent by KEVIN NICOLAS DA SILVA SANTOS from IP 150.165.42.189 at 13-09-2023 08*56*09</message>
</record>
</log>
<?xml version="1.0" encoding="UTF-8" standalone="no"?>
<!DOCTYPE log SYSTEM "logger.dtd">
<log>
<record>
  <date>2023-09-13T09:58:17.904-0300</date>
  <logger>KEVIN NICOLAS DA SILVA SANTOS</logger>
  <level>FINE</level>
  <message>File 122210821-KEVIN NICOLAS DA SILVA SANTOS.zip was received. It was sent by KEVIN NICOLAS DA SILVA SANTOS from IP 150.165.42.189 at 13-09-2023 09*58*17</message>
</record>
</log>
<?xml version="1.0" encoding="UTF-8" standalone="no"?>
<!DOCTYPE log SYSTEM "logger.dtd">
<log>
<record>
  <date>2023-09-15T08:08:12.420-0300</date>
  <logger>KEVIN NICOLAS DA SILVA SANTOS</logger>
  <level>FINE</level>
  <message>File 122210821-KEVIN NICOLAS DA SILVA SANTOS.zip was received. It was sent by KEVIN NICOLAS DA SILVA SANTOS from IP 150.165.42.207 at 15-09-2023 08*08*12</message>
</record>
